<?xml version="1.0" encoding="UTF-8"?>
<!-- Generated by org.testng.reporters.JUnitReportReporter -->
<testsuite hostname="火乐乐的电脑" name="test.Massage" tests="1" failures="0" timestamp="8 Dec 2017 06:55:39 GMT" time="15.599" errors="0">
  <testcase name="testLogin" time="15.599" classname="test.Massage"/>
</testsuite> <!-- test.Massage -->
