<?xml version="1.0" encoding="UTF-8"?>
<!-- Generated by org.testng.reporters.JUnitReportReporter -->
<testsuite hostname="火乐乐的电脑" name="test.Login" tests="1" failures="0" timestamp="7 Dec 2017 09:04:58 GMT" time="12.097" errors="0">
  <testcase name="testLogin" time="12.097" classname="test.Login"/>
</testsuite> <!-- test.Login -->
