<?xml version="1.0" encoding="UTF-8"?>
<!-- Generated by org.testng.reporters.JUnitReportReporter -->
<testsuite hostname="火乐乐的电脑" name="test.testPasswd" tests="12" failures="0" timestamp="12 Dec 2017 07:56:24 GMT" time="178.824" errors="0">
  <testcase name="testAddMessage4" time="15.304" classname="test.testPasswd"/>
  <testcase name="testLogin" time="11.487" classname="test.testPasswd"/>
  <testcase name="testAddMessage4" time="15.190" classname="test.testPasswd"/>
  <testcase name="testAddMessage4" time="15.272" classname="test.testPasswd"/>
  <testcase name="testAddMessage4" time="15.206" classname="test.testPasswd"/>
  <testcase name="testAddMessage4" time="15.209" classname="test.testPasswd"/>
  <testcase name="testAddMessage4" time="15.228" classname="test.testPasswd"/>
  <testcase name="testAddMessage4" time="15.204" classname="test.testPasswd"/>
  <testcase name="testAddMessage4" time="15.286" classname="test.testPasswd"/>
  <testcase name="testAddMessage4" time="15.141" classname="test.testPasswd"/>
  <testcase name="testAddMessage4" time="15.147" classname="test.testPasswd"/>
  <testcase name="testAddMessage4" time="15.150" classname="test.testPasswd"/>
</testsuite> <!-- test.testPasswd -->
