<?xml version="1.0" encoding="UTF-8"?>
<!-- Generated by org.testng.reporters.JUnitReportReporter -->
<testsuite hostname="火乐乐的电脑" name="test.testNickname" tests="10" failures="0" timestamp="17 Dec 2017 03:31:50 GMT" time="154.899" errors="0">
  <testcase name="testLogin" time="13.038" classname="test.testNickname"/>
  <testcase name="testAddMessage" time="15.436" classname="test.testNickname"/>
  <testcase name="testAddMessage" time="15.481" classname="test.testNickname"/>
  <testcase name="testAddMessage" time="15.737" classname="test.testNickname"/>
  <testcase name="testAddMessage" time="15.435" classname="test.testNickname"/>
  <testcase name="testAddMessage" time="17.762" classname="test.testNickname"/>
  <testcase name="testAddMessage" time="15.438" classname="test.testNickname"/>
  <testcase name="testAddMessage" time="15.454" classname="test.testNickname"/>
  <testcase name="testAddMessage" time="15.535" classname="test.testNickname"/>
  <testcase name="testAddMessage" time="15.583" classname="test.testNickname"/>
</testsuite> <!-- test.testNickname -->
