<?xml version="1.0" encoding="UTF-8"?>
<!-- Generated by org.testng.reporters.JUnitReportReporter -->
<testsuite hostname="火乐乐的电脑" name="test.testAddShopping" tests="2" failures="0" timestamp="12 Dec 2017 02:35:55 GMT" time="49.937" errors="0">
  <testcase name="testLogin" time="15.429" classname="test.testAddShopping"/>
  <testcase name="testAddShoppings" time="34.508" classname="test.testAddShopping"/>
</testsuite> <!-- test.testAddShopping -->
