<?xml version="1.0" encoding="UTF-8"?>
<!-- Generated by org.testng.reporters.JUnitReportReporter -->
<testsuite hostname="火乐乐的电脑" name="test.testDeleteShopping" tests="2" failures="0" timestamp="17 Dec 2017 03:31:50 GMT" time="23.031" errors="0">
  <testcase name="testDeleteShoppings" time="11.348" classname="test.testDeleteShopping"/>
  <testcase name="testLogin" time="11.683" classname="test.testDeleteShopping"/>
</testsuite> <!-- test.testDeleteShopping -->
