<?xml version="1.0" encoding="UTF-8"?>
<!-- Generated by org.testng.reporters.JUnitReportReporter -->
<testsuite hostname="火乐乐的电脑" name="test.testPayNone" tests="2" failures="0" timestamp="17 Dec 2017 03:31:50 GMT" time="25.584" errors="0">
  <testcase name="testPayNones" time="13.810" classname="test.testPayNone"/>
  <testcase name="testLogin" time="11.774" classname="test.testPayNone"/>
</testsuite> <!-- test.testPayNone -->
