<?xml version="1.0" encoding="UTF-8"?>
<!-- Generated by org.testng.reporters.JUnitReportReporter -->
<testsuite hostname="火乐乐的电脑" name="test.testNickname" tests="10" failures="0" timestamp="12 Dec 2017 07:56:24 GMT" time="149.733" errors="0">
  <testcase name="testLogin" time="11.402" classname="test.testNickname"/>
  <testcase name="testAddMessage" time="15.409" classname="test.testNickname"/>
  <testcase name="testAddMessage" time="15.310" classname="test.testNickname"/>
  <testcase name="testAddMessage" time="15.176" classname="test.testNickname"/>
  <testcase name="testAddMessage" time="15.091" classname="test.testNickname"/>
  <testcase name="testAddMessage" time="15.395" classname="test.testNickname"/>
  <testcase name="testAddMessage" time="16.050" classname="test.testNickname"/>
  <testcase name="testAddMessage" time="15.187" classname="test.testNickname"/>
  <testcase name="testAddMessage" time="15.425" classname="test.testNickname"/>
  <testcase name="testAddMessage" time="15.288" classname="test.testNickname"/>
</testsuite> <!-- test.testNickname -->
