<?xml version="1.0" encoding="UTF-8"?>
<!-- Generated by org.testng.reporters.JUnitReportReporter -->
<testsuite hostname="火乐乐的电脑" name="test.Login" tests="1" failures="0" timestamp="12 Dec 2017 07:56:24 GMT" time="11.597" errors="0">
  <testcase name="testLogin" time="11.597" classname="test.Login"/>
</testsuite> <!-- test.Login -->
