<?xml version="1.0" encoding="UTF-8"?>
<!-- Generated by org.testng.reporters.JUnitReportReporter -->
<testsuite hostname="火乐乐的电脑" name="test.testDeleteAddress" tests="2" failures="0" timestamp="17 Dec 2017 03:31:50 GMT" time="12.154" errors="0">
  <testcase name="testDeleteAddresses" time="0.175" classname="test.testDeleteAddress"/>
  <testcase name="testLogin" time="11.979" classname="test.testDeleteAddress"/>
</testsuite> <!-- test.testDeleteAddress -->
