<?xml version="1.0" encoding="UTF-8"?>
<!-- Generated by org.testng.reporters.JUnitReportReporter -->
<testsuite hostname="火乐乐的电脑" name="mail.Mail" tests="1" failures="0" timestamp="12 Dec 2017 07:56:43 GMT" time="10.865" errors="0">
  <testcase name="send" time="10.865" classname="mail.Mail"/>
</testsuite> <!-- mail.Mail -->
