<?xml version="1.0" encoding="UTF-8"?>
<!-- Generated by org.testng.reporters.JUnitReportReporter -->
<testsuite hostname="火乐乐的电脑" name="test.testPasswd" tests="12" failures="0" timestamp="17 Dec 2017 03:31:50 GMT" time="182.067" errors="0">
  <testcase name="testAddMessage4" time="15.382" classname="test.testPasswd"/>
  <testcase name="testAddMessage4" time="15.386" classname="test.testPasswd"/>
  <testcase name="testAddMessage4" time="16.244" classname="test.testPasswd"/>
  <testcase name="testAddMessage4" time="15.437" classname="test.testPasswd"/>
  <testcase name="testAddMessage4" time="15.432" classname="test.testPasswd"/>
  <testcase name="testAddMessage4" time="15.354" classname="test.testPasswd"/>
  <testcase name="testLogin" time="11.614" classname="test.testPasswd"/>
  <testcase name="testAddMessage4" time="15.486" classname="test.testPasswd"/>
  <testcase name="testAddMessage4" time="15.347" classname="test.testPasswd"/>
  <testcase name="testAddMessage4" time="15.505" classname="test.testPasswd"/>
  <testcase name="testAddMessage4" time="15.528" classname="test.testPasswd"/>
  <testcase name="testAddMessage4" time="15.352" classname="test.testPasswd"/>
</testsuite> <!-- test.testPasswd -->
