<?xml version="1.0" encoding="UTF-8"?>
<!-- Generated by org.testng.reporters.JUnitReportReporter -->
<testsuite hostname="火乐乐的电脑" name="test.testEmail" tests="10" failures="0" timestamp="12 Dec 2017 07:56:24 GMT" time="149.437" errors="0">
  <testcase name="testAddMessage2" time="15.305" classname="test.testEmail"/>
  <testcase name="testAddMessage2" time="15.193" classname="test.testEmail"/>
  <testcase name="testLogin" time="11.872" classname="test.testEmail"/>
  <testcase name="testAddMessage2" time="15.179" classname="test.testEmail"/>
  <testcase name="testAddMessage2" time="15.914" classname="test.testEmail"/>
  <testcase name="testAddMessage2" time="15.221" classname="test.testEmail"/>
  <testcase name="testAddMessage2" time="15.255" classname="test.testEmail"/>
  <testcase name="testAddMessage2" time="15.137" classname="test.testEmail"/>
  <testcase name="testAddMessage2" time="15.204" classname="test.testEmail"/>
  <testcase name="testAddMessage2" time="15.157" classname="test.testEmail"/>
</testsuite> <!-- test.testEmail -->
