<?xml version="1.0" encoding="UTF-8"?>
<!-- Generated by org.testng.reporters.JUnitReportReporter -->
<testsuite hostname="火乐乐的电脑" name="test.testDeleteAddress" tests="2" failures="0" timestamp="12 Dec 2017 02:35:55 GMT" time="12.743" errors="0">
  <testcase name="testDeleteAddresses" time="0.359" classname="test.testDeleteAddress"/>
  <testcase name="testLogin" time="12.384" classname="test.testDeleteAddress"/>
</testsuite> <!-- test.testDeleteAddress -->
