<?xml version="1.0" encoding="UTF-8"?>
<!-- Generated by org.testng.reporters.JUnitReportReporter -->
<testsuite hostname="火乐乐的电脑" name="test.testPayNone" tests="2" failures="0" timestamp="12 Dec 2017 07:56:24 GMT" time="25.525" errors="0">
  <testcase name="testPayNones" time="14.044" classname="test.testPayNone"/>
  <testcase name="testLogin" time="11.481" classname="test.testPayNone"/>
</testsuite> <!-- test.testPayNone -->
