<?xml version="1.0" encoding="UTF-8"?>
<!-- Generated by org.testng.reporters.JUnitReportReporter -->
<testsuite hostname="火乐乐的电脑" name="mail.Mail" tests="1" failures="0" timestamp="8 Dec 2017 09:07:36 GMT" time="9.879" errors="0">
  <testcase name="send" time="9.879" classname="mail.Mail"/>
</testsuite> <!-- mail.Mail -->
