<?xml version="1.0" encoding="UTF-8"?>
<!-- Generated by org.testng.reporters.JUnitReportReporter -->
<testsuite hostname="火乐乐的电脑" name="test.testName" tests="10" failures="0" timestamp="12 Dec 2017 07:56:24 GMT" time="149.243" errors="0">
  <testcase name="testAddMessage3" time="15.289" classname="test.testName"/>
  <testcase name="testAddMessage3" time="15.206" classname="test.testName"/>
  <testcase name="testAddMessage3" time="15.288" classname="test.testName"/>
  <testcase name="testAddMessage3" time="15.306" classname="test.testName"/>
  <testcase name="testAddMessage3" time="15.865" classname="test.testName"/>
  <testcase name="testAddMessage3" time="15.204" classname="test.testName"/>
  <testcase name="testAddMessage3" time="15.188" classname="test.testName"/>
  <testcase name="testLogin" time="11.402" classname="test.testName"/>
  <testcase name="testAddMessage3" time="15.203" classname="test.testName"/>
  <testcase name="testAddMessage3" time="15.292" classname="test.testName"/>
</testsuite> <!-- test.testName -->
