<?xml version="1.0" encoding="UTF-8"?>
<!-- Generated by org.testng.reporters.JUnitReportReporter -->
<testsuite hostname="火乐乐的电脑" name="test.Login" tests="1" failures="0" timestamp="12 Dec 2017 02:35:55 GMT" time="12.305" errors="0">
  <testcase name="testLogin" time="12.305" classname="test.Login"/>
</testsuite> <!-- test.Login -->
