<?xml version="1.0" encoding="UTF-8"?>
<!-- Generated by org.testng.reporters.JUnitReportReporter -->
<testsuite hostname="火乐乐的电脑" name="test.Login" tests="1" failures="0" timestamp="17 Dec 2017 03:31:50 GMT" time="12.334" errors="0">
  <testcase name="testLogin" time="12.334" classname="test.Login"/>
</testsuite> <!-- test.Login -->
