<?xml version="1.0" encoding="UTF-8"?>
<!-- Generated by org.testng.reporters.JUnitReportReporter -->
<testsuite hostname="火乐乐的电脑" name="test.testDeleteAddress" tests="2" failures="0" timestamp="12 Dec 2017 07:56:24 GMT" time="13.103" errors="0">
  <testcase name="testLogin" time="12.803" classname="test.testDeleteAddress"/>
  <testcase name="testDeleteAddresses" time="0.300" classname="test.testDeleteAddress"/>
</testsuite> <!-- test.testDeleteAddress -->
