<?xml version="1.0" encoding="UTF-8"?>
<!-- Generated by org.testng.reporters.JUnitReportReporter -->
<testsuite hostname="火乐乐的电脑" name="test.testPayNone" tests="2" failures="0" timestamp="12 Dec 2017 02:35:55 GMT" time="27.296" errors="0">
  <testcase name="testPayNones" time="14.959" classname="test.testPayNone"/>
  <testcase name="testLogin" time="12.337" classname="test.testPayNone"/>
</testsuite> <!-- test.testPayNone -->
