<?xml version="1.0" encoding="UTF-8"?>
<!-- Generated by org.testng.reporters.JUnitReportReporter -->
<testsuite hostname="火乐乐的电脑" name="test.testDeleteShopping" tests="2" failures="0" timestamp="12 Dec 2017 07:56:24 GMT" time="22.245" errors="0">
  <testcase name="testLogin" time="10.958" classname="test.testDeleteShopping"/>
  <testcase name="testDeleteShoppings" time="11.287" classname="test.testDeleteShopping"/>
</testsuite> <!-- test.testDeleteShopping -->
