<?xml version="1.0" encoding="UTF-8"?>
<!-- Generated by org.testng.reporters.JUnitReportReporter -->
<testsuite hostname="火乐乐的电脑" name="test.testName" tests="10" failures="0" timestamp="17 Dec 2017 03:31:50 GMT" time="151.637" errors="0">
  <testcase name="testAddMessage3" time="15.350" classname="test.testName"/>
  <testcase name="testAddMessage3" time="15.450" classname="test.testName"/>
  <testcase name="testAddMessage3" time="16.376" classname="test.testName"/>
  <testcase name="testLogin" time="11.998" classname="test.testName"/>
  <testcase name="testAddMessage3" time="15.349" classname="test.testName"/>
  <testcase name="testAddMessage3" time="15.400" classname="test.testName"/>
  <testcase name="testAddMessage3" time="15.402" classname="test.testName"/>
  <testcase name="testAddMessage3" time="15.504" classname="test.testName"/>
  <testcase name="testAddMessage3" time="15.351" classname="test.testName"/>
  <testcase name="testAddMessage3" time="15.457" classname="test.testName"/>
</testsuite> <!-- test.testName -->
