<?xml version="1.0" encoding="UTF-8"?>
<!-- Generated by org.testng.reporters.JUnitReportReporter -->
<testsuite hostname="火乐乐的电脑" name="test.testEmail" tests="10" failures="0" timestamp="17 Dec 2017 03:31:50 GMT" time="151.936" errors="0">
  <testcase name="testAddMessage2" time="16.040" classname="test.testEmail"/>
  <testcase name="testAddMessage2" time="15.389" classname="test.testEmail"/>
  <testcase name="testAddMessage2" time="15.437" classname="test.testEmail"/>
  <testcase name="testAddMessage2" time="15.838" classname="test.testEmail"/>
  <testcase name="testLogin" time="12.093" classname="test.testEmail"/>
  <testcase name="testAddMessage2" time="15.449" classname="test.testEmail"/>
  <testcase name="testAddMessage2" time="15.457" classname="test.testEmail"/>
  <testcase name="testAddMessage2" time="15.382" classname="test.testEmail"/>
  <testcase name="testAddMessage2" time="15.499" classname="test.testEmail"/>
  <testcase name="testAddMessage2" time="15.352" classname="test.testEmail"/>
</testsuite> <!-- test.testEmail -->
