<?xml version="1.0" encoding="UTF-8"?>
<!-- Generated by org.testng.reporters.JUnitReportReporter -->
<testsuite hostname="火乐乐的电脑" name="test.testPasswd" tests="12" failures="0" timestamp="17 Dec 2017 03:12:01 GMT" time="182.347" errors="0">
  <testcase name="testAddMessage4" time="15.890" classname="test.testPasswd"/>
  <testcase name="testAddMessage4" time="15.434" classname="test.testPasswd"/>
  <testcase name="testLogin" time="11.994" classname="test.testPasswd"/>
  <testcase name="testAddMessage4" time="15.414" classname="test.testPasswd"/>
  <testcase name="testAddMessage4" time="15.496" classname="test.testPasswd"/>
  <testcase name="testAddMessage4" time="15.366" classname="test.testPasswd"/>
  <testcase name="testAddMessage4" time="15.733" classname="test.testPasswd"/>
  <testcase name="testAddMessage4" time="15.349" classname="test.testPasswd"/>
  <testcase name="testAddMessage4" time="15.545" classname="test.testPasswd"/>
  <testcase name="testAddMessage4" time="15.407" classname="test.testPasswd"/>
  <testcase name="testAddMessage4" time="15.372" classname="test.testPasswd"/>
  <testcase name="testAddMessage4" time="15.347" classname="test.testPasswd"/>
</testsuite> <!-- test.testPasswd -->
