<?xml version="1.0" encoding="UTF-8"?>
<!-- Generated by org.testng.reporters.JUnitReportReporter -->
<testsuite hostname="火乐乐的电脑" name="mail.Mail" tests="1" failures="0" timestamp="8 Dec 2017 00:54:21 GMT" time="0.946" errors="0">
  <testcase name="send" time="0.946" classname="mail.Mail"/>
</testsuite> <!-- mail.Mail -->
