<?xml version="1.0" encoding="UTF-8"?>
<!-- Generated by org.testng.reporters.JUnitReportReporter -->
<testsuite hostname="火乐乐的电脑" name="test.Massage" tests="2" failures="0" timestamp="30 Nov 2017 09:08:58 GMT" time="24.260" errors="0">
  <testcase name="testLogin" time="12.418" classname="test.Massage"/>
  <testcase name="testDeleteShopping" time="11.842" classname="test.Massage"/>
</testsuite> <!-- test.Massage -->
