<?xml version="1.0" encoding="UTF-8"?>
<!-- Generated by org.testng.reporters.JUnitReportReporter -->
<testsuite hostname="火乐乐的电脑" name="test.testNickname" tests="10" failures="0" timestamp="17 Dec 2017 03:12:01 GMT" time="151.620" errors="0">
  <testcase name="testAddMessage" time="15.392" classname="test.testNickname"/>
  <testcase name="testAddMessage" time="15.336" classname="test.testNickname"/>
  <testcase name="testAddMessage" time="15.263" classname="test.testNickname"/>
  <testcase name="testAddMessage" time="15.290" classname="test.testNickname"/>
  <testcase name="testAddMessage" time="15.499" classname="test.testNickname"/>
  <testcase name="testAddMessage" time="15.548" classname="test.testNickname"/>
  <testcase name="testLogin" time="11.687" classname="test.testNickname"/>
  <testcase name="testAddMessage" time="15.282" classname="test.testNickname"/>
  <testcase name="testAddMessage" time="16.901" classname="test.testNickname"/>
  <testcase name="testAddMessage" time="15.422" classname="test.testNickname"/>
</testsuite> <!-- test.testNickname -->
