<?xml version="1.0" encoding="UTF-8"?>
<!-- Generated by org.testng.reporters.JUnitReportReporter -->
<testsuite hostname="火乐乐的电脑" name="mail.Mail3" tests="1" failures="0" timestamp="6 Dec 2017 07:26:23 GMT" time="12.643" errors="0">
  <testcase name="send" time="12.643" classname="mail.Mail3"/>
</testsuite> <!-- mail.Mail3 -->
