<?xml version="1.0" encoding="UTF-8"?>
<!-- Generated by org.testng.reporters.JUnitReportReporter -->
<testsuite hostname="火乐乐的电脑" name="test.testAddShopping" tests="2" failures="0" timestamp="17 Dec 2017 03:12:01 GMT" time="44.440" errors="0">
  <testcase name="testLogin" time="12.026" classname="test.testAddShopping"/>
  <testcase name="testAddShoppings" time="32.414" classname="test.testAddShopping"/>
</testsuite> <!-- test.testAddShopping -->
