<?xml version="1.0" encoding="UTF-8"?>
<!-- Generated by org.testng.reporters.JUnitReportReporter -->
<testsuite hostname="火乐乐的电脑" name="test.Massage" tests="2" failures="0" timestamp="29 Nov 2017 09:17:28 GMT" time="27.361" errors="0">
  <testcase name="testAddShopping" time="13.566" classname="test.Massage"/>
  <testcase name="testLogin" time="13.795" classname="test.Massage"/>
</testsuite> <!-- test.Massage -->
