<?xml version="1.0" encoding="UTF-8"?>
<!-- Generated by org.testng.reporters.JUnitReportReporter -->
<testsuite hostname="火乐乐的电脑" name="test.testNickname" tests="10" failures="0" timestamp="12 Dec 2017 07:27:15 GMT" time="149.455" errors="0">
  <testcase name="testAddMessage" time="15.290" classname="test.testNickname"/>
  <testcase name="testAddMessage" time="15.195" classname="test.testNickname"/>
  <testcase name="testLogin" time="11.474" classname="test.testNickname"/>
  <testcase name="testAddMessage" time="15.163" classname="test.testNickname"/>
  <testcase name="testAddMessage" time="15.317" classname="test.testNickname"/>
  <testcase name="testAddMessage" time="15.275" classname="test.testNickname"/>
  <testcase name="testAddMessage" time="15.965" classname="test.testNickname"/>
  <testcase name="testAddMessage" time="15.287" classname="test.testNickname"/>
  <testcase name="testAddMessage" time="15.251" classname="test.testNickname"/>
  <testcase name="testAddMessage" time="15.238" classname="test.testNickname"/>
</testsuite> <!-- test.testNickname -->
