<?xml version="1.0" encoding="UTF-8"?>
<!-- Generated by org.testng.reporters.JUnitReportReporter -->
<testsuite hostname="火乐乐的电脑" name="test.Login" tests="1" failures="0" timestamp="10 Dec 2017 09:31:53 GMT" time="13.566" errors="0">
  <testcase name="testLogin" time="13.566" classname="test.Login"/>
</testsuite> <!-- test.Login -->
