<?xml version="1.0" encoding="UTF-8"?>
<!-- Generated by org.testng.reporters.JUnitReportReporter -->
<testsuite hostname="火乐乐的电脑" name="test.SendMail" tests="1" failures="0" timestamp="6 Dec 2017 00:24:08 GMT" time="9.542" errors="0">
  <testcase name="JavaMailTest1" time="9.542" classname="test.SendMail"/>
</testsuite> <!-- test.SendMail -->
