<?xml version="1.0" encoding="UTF-8"?>
<!-- Generated by org.testng.reporters.JUnitReportReporter -->
<testsuite hostname="火乐乐的电脑" name="mail.SendHtmlMail" tests="1" failures="0" timestamp="6 Dec 2017 01:23:36 GMT" time="18.589" errors="0">
  <testcase name="mail" time="18.589" classname="mail.SendHtmlMail"/>
</testsuite> <!-- mail.SendHtmlMail -->
