<?xml version="1.0" encoding="UTF-8"?>
<!-- Generated by org.testng.reporters.JUnitReportReporter -->
<testsuite hostname="火乐乐的电脑" name="test.testName" tests="10" failures="0" timestamp="17 Dec 2017 03:12:01 GMT" time="151.283" errors="0">
  <testcase name="testAddMessage3" time="15.415" classname="test.testName"/>
  <testcase name="testAddMessage3" time="15.370" classname="test.testName"/>
  <testcase name="testAddMessage3" time="15.433" classname="test.testName"/>
  <testcase name="testAddMessage3" time="15.361" classname="test.testName"/>
  <testcase name="testAddMessage3" time="15.334" classname="test.testName"/>
  <testcase name="testAddMessage3" time="16.063" classname="test.testName"/>
  <testcase name="testAddMessage3" time="15.312" classname="test.testName"/>
  <testcase name="testAddMessage3" time="15.332" classname="test.testName"/>
  <testcase name="testAddMessage3" time="15.402" classname="test.testName"/>
  <testcase name="testLogin" time="12.261" classname="test.testName"/>
</testsuite> <!-- test.testName -->
