<?xml version="1.0" encoding="UTF-8"?>
<!-- Generated by org.testng.reporters.JUnitReportReporter -->
<testsuite hostname="火乐乐的电脑" name="test.testDeleteShopping" tests="2" failures="0" timestamp="17 Dec 2017 03:12:01 GMT" time="23.312" errors="0">
  <testcase name="testDeleteShoppings" time="11.267" classname="test.testDeleteShopping"/>
  <testcase name="testLogin" time="12.045" classname="test.testDeleteShopping"/>
</testsuite> <!-- test.testDeleteShopping -->
