<?xml version="1.0" encoding="UTF-8"?>
<!-- Generated by org.testng.reporters.JUnitReportReporter -->
<testsuite hostname="火乐乐的电脑" name="test.testEmail" tests="10" failures="0" timestamp="17 Dec 2017 03:12:01 GMT" time="150.279" errors="0">
  <testcase name="testAddMessage2" time="15.497" classname="test.testEmail"/>
  <testcase name="testAddMessage2" time="15.222" classname="test.testEmail"/>
  <testcase name="testAddMessage2" time="15.232" classname="test.testEmail"/>
  <testcase name="testAddMessage2" time="15.334" classname="test.testEmail"/>
  <testcase name="testAddMessage2" time="16.185" classname="test.testEmail"/>
  <testcase name="testAddMessage2" time="15.312" classname="test.testEmail"/>
  <testcase name="testAddMessage2" time="15.317" classname="test.testEmail"/>
  <testcase name="testAddMessage2" time="15.226" classname="test.testEmail"/>
  <testcase name="testAddMessage2" time="15.198" classname="test.testEmail"/>
  <testcase name="testLogin" time="11.756" classname="test.testEmail"/>
</testsuite> <!-- test.testEmail -->
