<?xml version="1.0" encoding="UTF-8"?>
<!-- Generated by org.testng.reporters.JUnitReportReporter -->
<testsuite hostname="火乐乐的电脑" name="mail.Mail2" tests="1" failures="0" timestamp="6 Dec 2017 02:47:27 GMT" time="9.748" errors="0">
  <testcase name="test" time="9.748" classname="mail.Mail2"/>
</testsuite> <!-- mail.Mail2 -->
