<?xml version="1.0" encoding="UTF-8"?>
<!-- Generated by org.testng.reporters.JUnitReportReporter -->
<testsuite hostname="火乐乐的电脑" name="test.FrontEndMyMovie" tests="2" failures="0" timestamp="21 Nov 2017 05:59:39 GMT" time="9.856" errors="0">
  <testcase name="testLogin" time="3.759" classname="test.FrontEndMyMovie"/>
  <testcase name="addMovie" time="6.097" classname="test.FrontEndMyMovie"/>
</testsuite> <!-- test.FrontEndMyMovie -->
